c:\users\taop\cse576\hw5\cse576_sp20_hw5\vs\cse576-hw5\x64\release\uwimg++.pdb
c:\users\taop\cse576\hw5\cse576_sp20_hw5\vs\cse576-hw5\x64\release\utils.obj
c:\users\taop\cse576\hw5\cse576_sp20_hw5\vs\cse576-hw5\x64\release\resize_image.obj
c:\users\taop\cse576\hw5\cse576_sp20_hw5\vs\cse576-hw5\x64\release\process_image.obj
c:\users\taop\cse576\hw5\cse576_sp20_hw5\vs\cse576-hw5\x64\release\panorama_image.obj
c:\users\taop\cse576\hw5\cse576_sp20_hw5\vs\cse576-hw5\x64\release\matrix.obj
c:\users\taop\cse576\hw5\cse576_sp20_hw5\vs\cse576-hw5\x64\release\load_image.obj
c:\users\taop\cse576\hw5\cse576_sp20_hw5\vs\cse576-hw5\x64\release\harris_image.obj
c:\users\taop\cse576\hw5\cse576_sp20_hw5\vs\cse576-hw5\x64\release\filter_image.obj
c:\users\taop\cse576\hw5\cse576_sp20_hw5\vs\cse576-hw5\x64\release\uwimg++.lib
c:\users\taop\cse576\hw5\cse576_sp20_hw5\vs\cse576-hw5\x64\release\pango-harris.exp
c:\users\taop\cse576\hw5\cse576_sp20_hw5\vs\cse576-hw5\x64\release\pango-panorama.exp
c:\users\taop\cse576\hw5\cse576_sp20_hw5\vs\cse576-hw5\x64\release\pango-projection.exp
c:\users\taop\cse576\hw5\cse576_sp20_hw5\vs\cse576-hw5\x64\release\make-panorama.pdb
c:\users\taop\cse576\hw5\cse576_sp20_hw5\vs\cse576-hw5\x64\release\pango-harris.pdb
c:\users\taop\cse576\hw5\cse576_sp20_hw5\vs\cse576-hw5\x64\release\pango-panorama.pdb
c:\users\taop\cse576\hw5\cse576_sp20_hw5\vs\cse576-hw5\x64\release\pango-projection.pdb
c:\users\taop\cse576\hw5\cse576_sp20_hw5\vs\cse576-hw5\x64\release\test1.pdb
c:\users\taop\cse576\hw5\cse576_sp20_hw5\vs\cse576-hw5\x64\release\test2.pdb
c:\users\taop\cse576\hw5\cse576_sp20_hw5\vs\cse576-hw5\x64\release\test5.pdb
c:\users\taop\cse576\hw5\cse576_sp20_hw5\vs\cse576-hw5\x64\release\uwimg++.tlog\cl.command.1.tlog
c:\users\taop\cse576\hw5\cse576_sp20_hw5\vs\cse576-hw5\x64\release\uwimg++.tlog\cl.read.1.tlog
c:\users\taop\cse576\hw5\cse576_sp20_hw5\vs\cse576-hw5\x64\release\uwimg++.tlog\cl.write.1.tlog
c:\users\taop\cse576\hw5\cse576_sp20_hw5\vs\cse576-hw5\x64\release\uwimg++.tlog\lib-link.read.1.tlog
c:\users\taop\cse576\hw5\cse576_sp20_hw5\vs\cse576-hw5\x64\release\uwimg++.tlog\lib-link.write.1.tlog
c:\users\taop\cse576\hw5\cse576_sp20_hw5\vs\cse576-hw5\x64\release\uwimg++.tlog\lib.command.1.tlog
