  test5-panorama.cpp
c:\users\taop\cse576\hw5\cse576_sp20_hw5\vs\pango-win\include\pangolin\gl\gldraw.h(98): warning C4267: 'argument': conversion from 'size_t' to 'GLsizei', possible loss of data
c:\users\taop\cse576\hw5\cse576_sp20_hw5\src\utils.h(22): warning C4305: 'initializing': truncation from 'double' to 'const float'
c:\users\taop\cse576\hw5\cse576_sp20_hw5\src\pango\pango-utils.h(49): warning C4244: '=': conversion from 'double' to 'float', possible loss of data
c:\users\taop\cse576\hw5\cse576_sp20_hw5\src\pango\test5-panorama.cpp(75): warning C4305: 'argument': truncation from 'double' to 'const T'
          with
          [
              T=float
          ]
c:\users\taop\cse576\hw5\cse576_sp20_hw5\src\pango\test5-panorama.cpp(194): warning C4244: 'argument': conversion from 'const double' to 'GLfloat', possible loss of data
c:\users\taop\cse576\hw5\cse576_sp20_hw5\src\pango\test5-panorama.cpp(195): warning C4244: 'argument': conversion from 'const double' to 'GLfloat', possible loss of data
c:\users\taop\cse576\hw5\cse576_sp20_hw5\src\pango\test5-panorama.cpp(195): warning C4244: 'argument': conversion from 'double' to 'GLfloat', possible loss of data
c:\users\taop\cse576\hw5\cse576_sp20_hw5\src\pango\test5-panorama.cpp(201): warning C4244: 'argument': conversion from 'const double' to 'GLfloat', possible loss of data
c:\users\taop\cse576\hw5\cse576_sp20_hw5\src\pango\test5-panorama.cpp(201): warning C4244: 'argument': conversion from 'double' to 'GLfloat', possible loss of data
c:\users\taop\cse576\hw5\cse576_sp20_hw5\src\pango\test5-panorama.cpp(210): warning C4244: 'argument': conversion from 'const double' to 'GLfloat', possible loss of data
c:\users\taop\cse576\hw5\cse576_sp20_hw5\src\pango\test5-panorama.cpp(210): warning C4244: 'argument': conversion from 'double' to 'GLfloat', possible loss of data
c:\users\taop\cse576\hw5\cse576_sp20_hw5\src\pango\test5-panorama.cpp(213): warning C4244: 'argument': conversion from 'double' to 'GLfloat', possible loss of data
c:\users\taop\cse576\hw5\cse576_sp20_hw5\src\pango\test5-panorama.cpp(214): warning C4244: 'argument': conversion from 'double' to 'GLfloat', possible loss of data
c:\users\taop\cse576\hw5\cse576_sp20_hw5\src\pango\test5-panorama.cpp(224): warning C4244: 'argument': conversion from 'const double' to 'GLfloat', possible loss of data
c:\users\taop\cse576\hw5\cse576_sp20_hw5\src\pango\test5-panorama.cpp(224): warning C4244: 'argument': conversion from 'double' to 'GLfloat', possible loss of data
c:\users\taop\cse576\hw5\cse576_sp20_hw5\src\pango\test5-panorama.cpp(227): warning C4244: 'argument': conversion from 'double' to 'GLfloat', possible loss of data
c:\users\taop\cse576\hw5\cse576_sp20_hw5\src\pango\test5-panorama.cpp(228): warning C4244: 'argument': conversion from 'double' to 'GLfloat', possible loss of data
c:\users\taop\cse576\hw5\cse576_sp20_hw5\vs\pango-win\include\pangolin\gl\gldraw.h(93): warning C4267: 'argument': conversion from 'size_t' to 'GLsizei', possible loss of data
  c:\users\taop\cse576\hw5\cse576_sp20_hw5\vs\pango-win\include\pangolin\gl\gldraw.h(121): note: see reference to function template instantiation 'void pangolin::glDrawVertices<float>(size_t,const T *const ,GLenum,size_t,size_t)' being compiled
          with
          [
              T=float
          ]
c:\users\taop\cse576\hw5\cse576_sp20_hw5\vs\pango-win\include\pangolin\gl\gldraw.h(93): warning C4267: 'argument': conversion from 'size_t' to 'GLint', possible loss of data
c:\users\taop\cse576\hw5\cse576_sp20_hw5\vs\pango-win\include\pangolin\gl\gldraw.h(95): warning C4267: 'argument': conversion from 'size_t' to 'GLsizei', possible loss of data
c:\users\taop\cse576\hw5\cse576_sp20_hw5\vs\pango-win\include\pangolin\gl\gldraw.h(109): warning C4267: 'argument': conversion from 'size_t' to 'GLsizei', possible loss of data
  c:\users\taop\cse576\hw5\cse576_sp20_hw5\vs\pango-win\include\pangolin\gl\gldraw.h(146): note: see reference to function template instantiation 'void pangolin::glDrawColoredVertices<float,float>(size_t,const TV *const ,const TC *const ,GLenum,size_t,size_t,size_t,size_t)' being compiled
          with
          [
              TV=float,
              TC=float
          ]
c:\users\taop\cse576\hw5\cse576_sp20_hw5\vs\pango-win\include\pangolin\gl\gldraw.h(109): warning C4267: 'argument': conversion from 'size_t' to 'GLint', possible loss of data
C:\Program Files (x86)\Microsoft Visual Studio\2017\Community\Common7\IDE\VC\VCTargets\Microsoft.CppBuild.targets(1216,5): warning MSB8012: TargetPath(C:\Users\TaoP\CSE576\HW5\cse576_sp20_hw5\vs\cse576-hw5\x64\Release\pango-panorama.exe) does not match the Linker's OutputFile property value (C:\Users\TaoP\CSE576\HW5\cse576_sp20_hw5\pango-panorama.exe). This may cause your project to build incorrectly. To correct this, please make sure that $(OutDir), $(TargetName) and $(TargetExt) property values match the value specified in %(Link.OutputFile).
     Creating library C:\Users\TaoP\CSE576\HW5\cse576_sp20_hw5\vs\cse576-hw5\x64\Release\pango-panorama.lib and object C:\Users\TaoP\CSE576\HW5\cse576_sp20_hw5\vs\cse576-hw5\x64\Release\pango-panorama.exp
  Generating code
  0 of 2307 functions ( 0.0%) were compiled, the rest were copied from previous compilation.
    0 functions were new in current compilation
    0 functions had inline decision re-evaluated but remain unchanged
  Finished generating code
uwimg++.lib(panorama_image.obj) : warning LNK4020: a type record in 'c:\users\taop\cse576\hw5\cse576_sp20_hw5\vs\cse576-hw5\x64\release\uwimg++.pdb' is corrupted; some symbols and types may not be accessible from the debugger
uwimg++.lib(load_image.obj) : warning LNK4020: a type record in 'c:\users\taop\cse576\hw5\cse576_sp20_hw5\vs\cse576-hw5\x64\release\uwimg++.pdb' is corrupted; some symbols and types may not be accessible from the debugger
uwimg++.lib(harris_image.obj) : warning LNK4020: a type record in 'c:\users\taop\cse576\hw5\cse576_sp20_hw5\vs\cse576-hw5\x64\release\uwimg++.pdb' is corrupted; some symbols and types may not be accessible from the debugger
uwimg++.lib(matrix.obj) : warning LNK4020: a type record in 'c:\users\taop\cse576\hw5\cse576_sp20_hw5\vs\cse576-hw5\x64\release\uwimg++.pdb' is corrupted; some symbols and types may not be accessible from the debugger
uwimg++.lib(resize_image.obj) : warning LNK4020: a type record in 'c:\users\taop\cse576\hw5\cse576_sp20_hw5\vs\cse576-hw5\x64\release\uwimg++.pdb' is corrupted; some symbols and types may not be accessible from the debugger
uwimg++.lib(process_image.obj) : warning LNK4020: a type record in 'c:\users\taop\cse576\hw5\cse576_sp20_hw5\vs\cse576-hw5\x64\release\uwimg++.pdb' is corrupted; some symbols and types may not be accessible from the debugger
uwimg++.lib(filter_image.obj) : warning LNK4020: a type record in 'c:\users\taop\cse576\hw5\cse576_sp20_hw5\vs\cse576-hw5\x64\release\uwimg++.pdb' is corrupted; some symbols and types may not be accessible from the debugger
  pango-panorama.vcxproj -> C:\Users\TaoP\CSE576\HW5\cse576_sp20_hw5\vs\cse576-hw5\x64\Release\pango-panorama.exe
