  make-panorama.cpp
c:\users\taop\cse576\hw5\cse576_sp20_hw5\src\utils.h(22): warning C4305: 'initializing': truncation from 'double' to 'const float'
c:\users\taop\cse576\hw5\cse576_sp20_hw5\src\test\make-panorama.cpp(45): warning C4244: 'argument': conversion from 'double' to 'float', possible loss of data
c:\users\taop\cse576\hw5\cse576_sp20_hw5\src\test\make-panorama.cpp(46): warning C4244: 'argument': conversion from 'double' to 'float', possible loss of data
c:\users\taop\cse576\hw5\cse576_sp20_hw5\src\test\make-panorama.cpp(74): warning C4305: 'argument': truncation from 'double' to 'float'
c:\users\taop\cse576\hw5\cse576_sp20_hw5\src\test\make-panorama.cpp(75): warning C4305: 'argument': truncation from 'double' to 'float'
c:\users\taop\cse576\hw5\cse576_sp20_hw5\src\test\make-panorama.cpp(76): warning C4305: 'argument': truncation from 'double' to 'float'
c:\users\taop\cse576\hw5\cse576_sp20_hw5\src\test\make-panorama.cpp(77): warning C4305: 'argument': truncation from 'double' to 'float'
c:\users\taop\cse576\hw5\cse576_sp20_hw5\src\test\make-panorama.cpp(78): warning C4305: 'argument': truncation from 'double' to 'float'
c:\users\taop\cse576\hw5\cse576_sp20_hw5\src\test\make-panorama.cpp(82): warning C4305: 'argument': truncation from 'double' to 'float'
c:\users\taop\cse576\hw5\cse576_sp20_hw5\src\test\make-panorama.cpp(83): warning C4305: 'argument': truncation from 'double' to 'float'
c:\users\taop\cse576\hw5\cse576_sp20_hw5\src\test\make-panorama.cpp(84): warning C4305: 'argument': truncation from 'double' to 'float'
c:\users\taop\cse576\hw5\cse576_sp20_hw5\src\test\make-panorama.cpp(88): warning C4305: 'argument': truncation from 'double' to 'float'
c:\users\taop\cse576\hw5\cse576_sp20_hw5\src\test\make-panorama.cpp(89): warning C4305: 'argument': truncation from 'double' to 'float'
c:\users\taop\cse576\hw5\cse576_sp20_hw5\src\test\make-panorama.cpp(105): warning C4305: 'argument': truncation from 'double' to 'float'
c:\users\taop\cse576\hw5\cse576_sp20_hw5\src\test\make-panorama.cpp(106): warning C4305: 'argument': truncation from 'double' to 'float'
c:\users\taop\cse576\hw5\cse576_sp20_hw5\src\test\make-panorama.cpp(107): warning C4305: 'argument': truncation from 'double' to 'float'
c:\users\taop\cse576\hw5\cse576_sp20_hw5\src\test\make-panorama.cpp(109): warning C4305: 'argument': truncation from 'double' to 'float'
c:\users\taop\cse576\hw5\cse576_sp20_hw5\src\test\make-panorama.cpp(110): warning C4305: 'argument': truncation from 'double' to 'float'
c:\users\taop\cse576\hw5\cse576_sp20_hw5\src\test\make-panorama.cpp(129): warning C4305: 'argument': truncation from 'double' to 'float'
c:\users\taop\cse576\hw5\cse576_sp20_hw5\src\test\make-panorama.cpp(130): warning C4305: 'argument': truncation from 'double' to 'float'
c:\users\taop\cse576\hw5\cse576_sp20_hw5\src\test\make-panorama.cpp(131): warning C4305: 'argument': truncation from 'double' to 'float'
c:\users\taop\cse576\hw5\cse576_sp20_hw5\src\test\make-panorama.cpp(135): warning C4305: 'argument': truncation from 'double' to 'float'
c:\users\taop\cse576\hw5\cse576_sp20_hw5\src\test\make-panorama.cpp(138): warning C4305: 'argument': truncation from 'double' to 'float'
c:\users\taop\cse576\hw5\cse576_sp20_hw5\src\test\make-panorama.cpp(156): warning C4305: 'argument': truncation from 'double' to 'float'
c:\users\taop\cse576\hw5\cse576_sp20_hw5\src\test\make-panorama.cpp(157): warning C4305: 'argument': truncation from 'double' to 'float'
c:\users\taop\cse576\hw5\cse576_sp20_hw5\src\test\make-panorama.cpp(158): warning C4305: 'argument': truncation from 'double' to 'float'
c:\users\taop\cse576\hw5\cse576_sp20_hw5\src\test\make-panorama.cpp(162): warning C4305: 'argument': truncation from 'double' to 'float'
c:\users\taop\cse576\hw5\cse576_sp20_hw5\src\test\make-panorama.cpp(163): warning C4305: 'argument': truncation from 'double' to 'float'
c:\users\taop\cse576\hw5\cse576_sp20_hw5\src\test\make-panorama.cpp(182): warning C4305: 'argument': truncation from 'double' to 'float'
c:\users\taop\cse576\hw5\cse576_sp20_hw5\src\test\make-panorama.cpp(183): warning C4305: 'argument': truncation from 'double' to 'float'
c:\users\taop\cse576\hw5\cse576_sp20_hw5\src\test\make-panorama.cpp(186): warning C4305: 'argument': truncation from 'double' to 'float'
c:\users\taop\cse576\hw5\cse576_sp20_hw5\src\test\make-panorama.cpp(187): warning C4305: 'argument': truncation from 'double' to 'float'
c:\users\taop\cse576\hw5\cse576_sp20_hw5\src\test\make-panorama.cpp(209): warning C4305: 'argument': truncation from 'double' to 'float'
c:\users\taop\cse576\hw5\cse576_sp20_hw5\src\test\make-panorama.cpp(210): warning C4305: 'argument': truncation from 'double' to 'float'
c:\users\taop\cse576\hw5\cse576_sp20_hw5\src\test\make-panorama.cpp(211): warning C4305: 'argument': truncation from 'double' to 'float'
c:\users\taop\cse576\hw5\cse576_sp20_hw5\src\test\make-panorama.cpp(212): warning C4305: 'argument': truncation from 'double' to 'float'
c:\users\taop\cse576\hw5\cse576_sp20_hw5\src\test\make-panorama.cpp(216): warning C4305: 'argument': truncation from 'double' to 'float'
c:\users\taop\cse576\hw5\cse576_sp20_hw5\src\test\make-panorama.cpp(217): warning C4305: 'argument': truncation from 'double' to 'float'
c:\users\taop\cse576\hw5\cse576_sp20_hw5\src\test\make-panorama.cpp(218): warning C4305: 'argument': truncation from 'double' to 'float'
c:\users\taop\cse576\hw5\cse576_sp20_hw5\src\test\make-panorama.cpp(219): warning C4305: 'argument': truncation from 'double' to 'float'
c:\users\taop\cse576\hw5\cse576_sp20_hw5\src\test\make-panorama.cpp(220): warning C4305: 'argument': truncation from 'double' to 'float'
c:\users\taop\cse576\hw5\cse576_sp20_hw5\src\test\make-panorama.cpp(224): warning C4305: 'argument': truncation from 'double' to 'float'
c:\users\taop\cse576\hw5\cse576_sp20_hw5\src\test\make-panorama.cpp(225): warning C4305: 'argument': truncation from 'double' to 'float'
c:\users\taop\cse576\hw5\cse576_sp20_hw5\src\test\make-panorama.cpp(226): warning C4305: 'argument': truncation from 'double' to 'float'
c:\users\taop\cse576\hw5\cse576_sp20_hw5\src\test\make-panorama.cpp(227): warning C4305: 'argument': truncation from 'double' to 'float'
c:\users\taop\cse576\hw5\cse576_sp20_hw5\src\test\make-panorama.cpp(228): warning C4305: 'argument': truncation from 'double' to 'float'
c:\users\taop\cse576\hw5\cse576_sp20_hw5\src\test\make-panorama.cpp(232): warning C4305: 'argument': truncation from 'double' to 'float'
c:\users\taop\cse576\hw5\cse576_sp20_hw5\src\test\make-panorama.cpp(233): warning C4305: 'argument': truncation from 'double' to 'float'
c:\users\taop\cse576\hw5\cse576_sp20_hw5\src\test\make-panorama.cpp(234): warning C4305: 'argument': truncation from 'double' to 'float'
c:\users\taop\cse576\hw5\cse576_sp20_hw5\src\test\make-panorama.cpp(235): warning C4305: 'argument': truncation from 'double' to 'float'
c:\users\taop\cse576\hw5\cse576_sp20_hw5\src\test\make-panorama.cpp(236): warning C4305: 'argument': truncation from 'double' to 'float'
c:\users\taop\cse576\hw5\cse576_sp20_hw5\src\test\make-panorama.cpp(241): warning C4305: 'argument': truncation from 'double' to 'float'
c:\users\taop\cse576\hw5\cse576_sp20_hw5\src\test\make-panorama.cpp(242): warning C4305: 'argument': truncation from 'double' to 'float'
c:\users\taop\cse576\hw5\cse576_sp20_hw5\src\test\make-panorama.cpp(243): warning C4305: 'argument': truncation from 'double' to 'float'
c:\users\taop\cse576\hw5\cse576_sp20_hw5\src\test\make-panorama.cpp(244): warning C4305: 'argument': truncation from 'double' to 'float'
c:\users\taop\cse576\hw5\cse576_sp20_hw5\src\test\make-panorama.cpp(245): warning C4305: 'argument': truncation from 'double' to 'float'
c:\users\taop\cse576\hw5\cse576_sp20_hw5\src\test\make-panorama.cpp(246): warning C4305: 'argument': truncation from 'double' to 'float'
c:\users\taop\cse576\hw5\cse576_sp20_hw5\src\test\make-panorama.cpp(269): warning C4305: 'argument': truncation from 'double' to 'float'
c:\users\taop\cse576\hw5\cse576_sp20_hw5\src\test\make-panorama.cpp(270): warning C4305: 'argument': truncation from 'double' to 'float'
c:\users\taop\cse576\hw5\cse576_sp20_hw5\src\test\make-panorama.cpp(271): warning C4305: 'argument': truncation from 'double' to 'float'
c:\users\taop\cse576\hw5\cse576_sp20_hw5\src\test\make-panorama.cpp(272): warning C4305: 'argument': truncation from 'double' to 'float'
c:\users\taop\cse576\hw5\cse576_sp20_hw5\src\test\make-panorama.cpp(273): warning C4305: 'argument': truncation from 'double' to 'float'
c:\users\taop\cse576\hw5\cse576_sp20_hw5\src\test\make-panorama.cpp(274): warning C4305: 'argument': truncation from 'double' to 'float'
c:\users\taop\cse576\hw5\cse576_sp20_hw5\src\test\make-panorama.cpp(275): warning C4305: 'argument': truncation from 'double' to 'float'
c:\users\taop\cse576\hw5\cse576_sp20_hw5\src\test\make-panorama.cpp(276): warning C4305: 'argument': truncation from 'double' to 'float'
c:\users\taop\cse576\hw5\cse576_sp20_hw5\src\test\make-panorama.cpp(281): warning C4305: 'argument': truncation from 'double' to 'float'
c:\users\taop\cse576\hw5\cse576_sp20_hw5\src\test\make-panorama.cpp(282): warning C4305: 'argument': truncation from 'double' to 'float'
c:\users\taop\cse576\hw5\cse576_sp20_hw5\src\test\make-panorama.cpp(283): warning C4305: 'argument': truncation from 'double' to 'float'
c:\users\taop\cse576\hw5\cse576_sp20_hw5\src\test\make-panorama.cpp(284): warning C4305: 'argument': truncation from 'double' to 'float'
c:\users\taop\cse576\hw5\cse576_sp20_hw5\src\test\make-panorama.cpp(288): warning C4305: 'argument': truncation from 'double' to 'float'
c:\users\taop\cse576\hw5\cse576_sp20_hw5\src\test\make-panorama.cpp(289): warning C4305: 'argument': truncation from 'double' to 'float'
c:\users\taop\cse576\hw5\cse576_sp20_hw5\src\test\make-panorama.cpp(292): warning C4305: 'argument': truncation from 'double' to 'float'
c:\users\taop\cse576\hw5\cse576_sp20_hw5\src\test\make-panorama.cpp(307): warning C4305: 'argument': truncation from 'double' to 'float'
c:\users\taop\cse576\hw5\cse576_sp20_hw5\src\test\make-panorama.cpp(310): warning C4305: 'argument': truncation from 'double' to 'float'
c:\users\taop\cse576\hw5\cse576_sp20_hw5\src\test\make-panorama.cpp(311): warning C4305: 'argument': truncation from 'double' to 'float'
c:\users\taop\cse576\hw5\cse576_sp20_hw5\src\test\make-panorama.cpp(327): warning C4305: 'argument': truncation from 'double' to 'float'
c:\users\taop\cse576\hw5\cse576_sp20_hw5\src\test\make-panorama.cpp(330): warning C4305: 'argument': truncation from 'double' to 'float'
c:\users\taop\cse576\hw5\cse576_sp20_hw5\src\test\make-panorama.cpp(345): warning C4305: 'argument': truncation from 'double' to 'float'
c:\users\taop\cse576\hw5\cse576_sp20_hw5\src\test\make-panorama.cpp(348): warning C4305: 'argument': truncation from 'double' to 'float'
c:\users\taop\cse576\hw5\cse576_sp20_hw5\src\test\make-panorama.cpp(362): warning C4305: 'argument': truncation from 'double' to 'float'
c:\users\taop\cse576\hw5\cse576_sp20_hw5\src\test\make-panorama.cpp(363): warning C4305: 'argument': truncation from 'double' to 'float'
c:\users\taop\cse576\hw5\cse576_sp20_hw5\src\test\make-panorama.cpp(364): warning C4305: 'argument': truncation from 'double' to 'float'
c:\users\taop\cse576\hw5\cse576_sp20_hw5\src\test\make-panorama.cpp(365): warning C4305: 'argument': truncation from 'double' to 'float'
c:\users\taop\cse576\hw5\cse576_sp20_hw5\src\test\make-panorama.cpp(368): warning C4305: 'argument': truncation from 'double' to 'float'
c:\users\taop\cse576\hw5\cse576_sp20_hw5\src\test\make-panorama.cpp(369): warning C4305: 'argument': truncation from 'double' to 'float'
c:\users\taop\cse576\hw5\cse576_sp20_hw5\src\test\make-panorama.cpp(372): warning C4305: 'argument': truncation from 'double' to 'float'
C:\Program Files (x86)\Microsoft Visual Studio\2017\Community\Common7\IDE\VC\VCTargets\Microsoft.CppBuild.targets(1216,5): warning MSB8012: TargetPath(C:\Users\TaoP\CSE576\HW5\cse576_sp20_hw5\vs\cse576-hw5\x64\Release\make-panorama.exe) does not match the Linker's OutputFile property value (C:\Users\TaoP\CSE576\HW5\cse576_sp20_hw5\make-panorama.exe). This may cause your project to build incorrectly. To correct this, please make sure that $(OutDir), $(TargetName) and $(TargetExt) property values match the value specified in %(Link.OutputFile).
  Generating code
  1 of 3000 functions (<0.1%) were compiled, the rest were copied from previous compilation.
    0 functions were new in current compilation
    1 functions had inline decision re-evaluated but remain unchanged
  Finished generating code
make-panorama.obj : warning LNK4020: a type record in 'c:\users\taop\cse576\hw5\cse576_sp20_hw5\vs\cse576-hw5\make-panorama\x64\release\vc141.pdb' is corrupted; some symbols and types may not be accessible from the debugger
uwimg++.lib(panorama_image.obj) : warning LNK4020: a type record in 'c:\users\taop\cse576\hw5\cse576_sp20_hw5\vs\cse576-hw5\x64\release\uwimg++.pdb' is corrupted; some symbols and types may not be accessible from the debugger
uwimg++.lib(matrix.obj) : warning LNK4020: a type record in 'c:\users\taop\cse576\hw5\cse576_sp20_hw5\vs\cse576-hw5\x64\release\uwimg++.pdb' is corrupted; some symbols and types may not be accessible from the debugger
uwimg++.lib(resize_image.obj) : warning LNK4020: a type record in 'c:\users\taop\cse576\hw5\cse576_sp20_hw5\vs\cse576-hw5\x64\release\uwimg++.pdb' is corrupted; some symbols and types may not be accessible from the debugger
uwimg++.lib(harris_image.obj) : warning LNK4020: a type record in 'c:\users\taop\cse576\hw5\cse576_sp20_hw5\vs\cse576-hw5\x64\release\uwimg++.pdb' is corrupted; some symbols and types may not be accessible from the debugger
uwimg++.lib(process_image.obj) : warning LNK4020: a type record in 'c:\users\taop\cse576\hw5\cse576_sp20_hw5\vs\cse576-hw5\x64\release\uwimg++.pdb' is corrupted; some symbols and types may not be accessible from the debugger
uwimg++.lib(filter_image.obj) : warning LNK4020: a type record in 'c:\users\taop\cse576\hw5\cse576_sp20_hw5\vs\cse576-hw5\x64\release\uwimg++.pdb' is corrupted; some symbols and types may not be accessible from the debugger
  make-panorama.vcxproj -> C:\Users\TaoP\CSE576\HW5\cse576_sp20_hw5\vs\cse576-hw5\x64\Release\make-panorama.exe
