  test5-harris.cpp
c:\users\taop\cse576\hw5\cse576_sp20_hw5\vs\pango-win\include\pangolin\gl\gldraw.h(98): warning C4267: 'argument': conversion from 'size_t' to 'GLsizei', possible loss of data
c:\users\taop\cse576\hw5\cse576_sp20_hw5\src\utils.h(22): warning C4305: 'initializing': truncation from 'double' to 'const float'
c:\users\taop\cse576\hw5\cse576_sp20_hw5\src\pango\pango-utils.h(49): warning C4244: '=': conversion from 'double' to 'float', possible loss of data
c:\users\taop\cse576\hw5\cse576_sp20_hw5\src\pango\test5-harris.cpp(48): warning C4305: 'argument': truncation from 'double' to 'const T'
          with
          [
              T=float
          ]
c:\users\taop\cse576\hw5\cse576_sp20_hw5\src\pango\test5-harris.cpp(90): warning C4244: 'argument': conversion from 'int' to 'GLfloat', possible loss of data
c:\users\taop\cse576\hw5\cse576_sp20_hw5\src\pango\test5-harris.cpp(96): warning C4244: 'argument': conversion from 'double' to 'GLfloat', possible loss of data
c:\users\taop\cse576\hw5\cse576_sp20_hw5\src\pango\test5-harris.cpp(107): warning C4244: 'argument': conversion from 'int' to 'GLfloat', possible loss of data
c:\users\taop\cse576\hw5\cse576_sp20_hw5\src\pango\test5-harris.cpp(113): warning C4244: 'argument': conversion from 'double' to 'GLfloat', possible loss of data
c:\users\taop\cse576\hw5\cse576_sp20_hw5\vs\pango-win\include\pangolin\gl\gldraw.h(93): warning C4267: 'argument': conversion from 'size_t' to 'GLsizei', possible loss of data
  c:\users\taop\cse576\hw5\cse576_sp20_hw5\vs\pango-win\include\pangolin\gl\gldraw.h(121): note: see reference to function template instantiation 'void pangolin::glDrawVertices<float>(size_t,const T *const ,GLenum,size_t,size_t)' being compiled
          with
          [
              T=float
          ]
c:\users\taop\cse576\hw5\cse576_sp20_hw5\vs\pango-win\include\pangolin\gl\gldraw.h(93): warning C4267: 'argument': conversion from 'size_t' to 'GLint', possible loss of data
c:\users\taop\cse576\hw5\cse576_sp20_hw5\vs\pango-win\include\pangolin\gl\gldraw.h(95): warning C4267: 'argument': conversion from 'size_t' to 'GLsizei', possible loss of data
c:\users\taop\cse576\hw5\cse576_sp20_hw5\vs\pango-win\include\pangolin\gl\gldraw.h(109): warning C4267: 'argument': conversion from 'size_t' to 'GLsizei', possible loss of data
  c:\users\taop\cse576\hw5\cse576_sp20_hw5\vs\pango-win\include\pangolin\gl\gldraw.h(146): note: see reference to function template instantiation 'void pangolin::glDrawColoredVertices<float,float>(size_t,const TV *const ,const TC *const ,GLenum,size_t,size_t,size_t,size_t)' being compiled
          with
          [
              TV=float,
              TC=float
          ]
c:\users\taop\cse576\hw5\cse576_sp20_hw5\vs\pango-win\include\pangolin\gl\gldraw.h(109): warning C4267: 'argument': conversion from 'size_t' to 'GLint', possible loss of data
C:\Program Files (x86)\Microsoft Visual Studio\2017\Community\Common7\IDE\VC\VCTargets\Microsoft.CppBuild.targets(1216,5): warning MSB8012: TargetPath(C:\Users\TaoP\CSE576\HW5\cse576_sp20_hw5\vs\cse576-hw5\x64\Release\pango-harris.exe) does not match the Linker's OutputFile property value (C:\Users\TaoP\CSE576\HW5\cse576_sp20_hw5\pango-harris.exe). This may cause your project to build incorrectly. To correct this, please make sure that $(OutDir), $(TargetName) and $(TargetExt) property values match the value specified in %(Link.OutputFile).
     Creating library C:\Users\TaoP\CSE576\HW5\cse576_sp20_hw5\vs\cse576-hw5\x64\Release\pango-harris.lib and object C:\Users\TaoP\CSE576\HW5\cse576_sp20_hw5\vs\cse576-hw5\x64\Release\pango-harris.exp
  Generating code
  0 of 1784 functions ( 0.0%) were compiled, the rest were copied from previous compilation.
    0 functions were new in current compilation
    0 functions had inline decision re-evaluated but remain unchanged
  Finished generating code
  pango-harris.vcxproj -> C:\Users\TaoP\CSE576\HW5\cse576_sp20_hw5\vs\cse576-hw5\x64\Release\pango-harris.exe
